2023-07-31 09:35:04.370112	flat_generator:
	Получен результат: "<generator object flat_generator at 0x01A64E30>" = flat_generator([[['a'], ['b', 'c']], ['d', 'e', [['f'], 'h'], False], [1, 2, None, [[[[['!']]]]], []]],){}.
	Время выполнения: 0.0 секунд.
2023-07-31 09:35:04.373101	flat_generator:
	Получен результат: "<generator object flat_generator at 0x01AAFEB0>" = flat_generator([['a'], ['b', 'c']],){}.
	Время выполнения: 0.0 секунд.
2023-07-31 09:35:04.374100	flat_generator:
	Получен результат: "<generator object flat_generator at 0x01AAFD30>" = flat_generator(['a'],){}.
	Время выполнения: 0.0 секунд.
2023-07-31 09:35:04.375095	flat_generator:
	Получен результат: "<generator object flat_generator at 0x01AAFD30>" = flat_generator(['b', 'c'],){}.
	Время выполнения: 0.0 секунд.
2023-07-31 09:35:04.376093	flat_generator:
	Получен результат: "<generator object flat_generator at 0x01AAFEB0>" = flat_generator(['d', 'e', [['f'], 'h'], False],){}.
	Время выполнения: 0.0 секунд.
2023-07-31 09:35:04.377090	flat_generator:
	Получен результат: "<generator object flat_generator at 0x01AAFD30>" = flat_generator([['f'], 'h'],){}.
	Время выполнения: 0.0 секунд.
2023-07-31 09:35:04.378090	flat_generator:
	Получен результат: "<generator object flat_generator at 0x01AAFF70>" = flat_generator(['f'],){}.
	Время выполнения: 0.0 секунд.
2023-07-31 09:35:04.379085	flat_generator:
	Получен результат: "<generator object flat_generator at 0x01AAFEB0>" = flat_generator([1, 2, None, [[[[['!']]]]], []],){}.
	Время выполнения: 0.0 секунд.
2023-07-31 09:35:04.380082	flat_generator:
	Получен результат: "<generator object flat_generator at 0x01AF2EF0>" = flat_generator([[[[['!']]]]],){}.
	Время выполнения: 0.0 секунд.
2023-07-31 09:35:04.381079	flat_generator:
	Получен результат: "<generator object flat_generator at 0x01AF2EB0>" = flat_generator([[[['!']]]],){}.
	Время выполнения: 0.0 секунд.
2023-07-31 09:35:04.382141	flat_generator:
	Получен результат: "<generator object flat_generator at 0x01AF2E70>" = flat_generator([[['!']]],){}.
	Время выполнения: 0.0 секунд.
2023-07-31 09:35:04.382141	flat_generator:
	Получен результат: "<generator object flat_generator at 0x01AF2DF0>" = flat_generator([['!']],){}.
	Время выполнения: 0.0 секунд.
2023-07-31 09:35:04.384139	flat_generator:
	Получен результат: "<generator object flat_generator at 0x01AF2DB0>" = flat_generator(['!'],){}.
	Время выполнения: 0.0 секунд.
2023-07-31 09:35:04.384139	flat_generator:
	Получен результат: "<generator object flat_generator at 0x01AF2EF0>" = flat_generator([],){}.
	Время выполнения: 0.0 секунд.
2023-07-31 09:35:04.386132	flat_generator:
	Получен результат: "<generator object flat_generator at 0x01A64E30>" = flat_generator([[['a'], ['b', 'c']], ['d', 'e', [['f'], 'h'], False], [1, 2, None, [[[[['!']]]]], []]],){}.
	Время выполнения: 0.0 секунд.
